<?xml version="1.0" encoding="UTF-8"?>
<!-- Generated by org.testng.reporters.JUnitXMLReporter -->
<testsuite hostname="md2qjhdc" ignored="0" name="Test" tests="2" failures="1" timestamp="2021-10-31T00:35:17 IST" time="0.032" errors="0">
  <testcase name="failed" time="0.006" classname="practice.NewTest">
    <failure type="java.lang.AssertionError" message="expected [true] but found [false]">
      <![CDATA[java.lang.AssertionError: expected [true] but found [false]
at practice.NewTest.failed(NewTest.java:19)
at java.util.ArrayList.forEach(ArrayList.java:1259)
... Removed 31 stack frames]]>
    </failure>
  </testcase> <!-- failed -->
  <testcase name="passed" time="0.001" classname="practice.NewTest"/>
</testsuite> <!-- Test -->
